Hint: (lazbuild) Primary config path: "C:\Users\fabio\AppData\Local\lazarus"
Hint: (lazarus) [TBuildManager.SetBuildTarget] Old=x86_64-win64--win32 New=x86_64-win64--win32 Changed: OS/CPU=True LCL=False
Hint: (lazbuild) Compile package "D:\Workspace\Projects\lazarus\materialdesign\materialdesign.lpk"
Hint: (lazarus) Last compile was incomplete for materialdesign 1.0
  State file="D:\Workspace\Projects\lazarus\materialdesign\lib\x86_64-win64\materialdesign.compiled"
Info: (lazarus) Execute Title="Compilar pacote materialdesign 1.0"
Info: (lazarus) Working Directory="D:\Workspace\Projects\lazarus\materialdesign\"
Info: (lazarus) Executable="C:\lazarus\fpc\3.2.2\bin\x86_64-win64\fpc.exe"
Info: (lazarus) Param[0]="-MObjFPC"
Info: (lazarus) Param[1]="-Scghi"
Info: (lazarus) Param[2]="-O1"
Info: (lazarus) Param[3]="-g"
Info: (lazarus) Param[4]="-gl"
Info: (lazarus) Param[5]="-l"
Info: (lazarus) Param[6]="-vewnhibq"
Info: (lazarus) Param[7]="-FuD:\Workspace\Projects\lazarus\materialdesign\"
Info: (lazarus) Param[8]="-FuC:\lazarus\packager\units\x86_64-win64"
Info: (lazarus) Param[9]="-FuC:\lazarus\components\lazdebuggers\lazdebuggerintf\lib\x86_64-win64"
Info: (lazarus) Param[10]="-FuC:\lazarus\components\lazutils\lib\x86_64-win64"
Info: (lazarus) Param[11]="-FuC:\lazarus\components\buildintf\units\x86_64-win64"
Info: (lazarus) Param[12]="-FuC:\lazarus\components\debuggerintf\lib\x86_64-win64"
Info: (lazarus) Param[13]="-FuC:\lazarus\components\freetype\lib\x86_64-win64"
Info: (lazarus) Param[14]="-FuC:\lazarus\lcl\units\x86_64-win64"
Info: (lazarus) Param[15]="-FuC:\lazarus\lcl\units\x86_64-win64\win32"
Info: (lazarus) Param[16]="-FuC:\Users\fabio\AppData\Local\lazarus\onlinepackagemanager\packages\BGRABitmap\bgrabitmap\lib\x86_64-win64-win32-3.2.2"
Info: (lazarus) Param[17]="-FuC:\lazarus\components\lazcontrols\lib\x86_64-win64\win32"
Info: (lazarus) Param[18]="-FuC:\lazarus\components\ideintf\units\x86_64-win64\win32"
Info: (lazarus) Param[19]="-FUD:\Workspace\Projects\lazarus\materialdesign\lib\x86_64-win64\"
Info: (lazarus) Param[20]="-dLCL"
Info: (lazarus) Param[21]="-dLCLwin32"
Info: (lazarus) Param[22]="materialdesign.pas"
Hint: (11030) Start of reading config file C:\lazarus\fpc\3.2.2\bin\x86_64-win64\fpc.cfg
Hint: (11031) End of reading config file C:\lazarus\fpc\3.2.2\bin\x86_64-win64\fpc.cfg
Free Pascal Compiler version 3.2.2 [2025/11/08] for x86_64
Copyright (c) 1993-2021 by Florian Klaempfl and others
(1002) Target OS: Win64 for x64
(3104) Compiling materialdesign.pas
(3104) Compiling FRMaterialIcons.pas
C:\lazarus\fpc\3.2.2\units\x86_64-win64\rtl-generics\generics.collections.ppu:generics.collections.pas(1186,20) Note: (6058) Call to subroutine "function TEnumerable<System.AnsiString>.GetEnumerator:TEnumerator$1<SYSTEM.AnsiString>;" marked as inline is not inlined
C:\lazarus\fpc\3.2.2\units\x86_64-win64\rtl-generics\generics.collections.ppu:generics.collections.pas(1186,20) Note: (6058) Call to subroutine "function TEnumerable<BGRABitmap.TBGRABitmap>.GetEnumerator:TEnumerator$1<BGRABITMAP.TBGRABitmap>;" marked as inline is not inlined
C:\lazarus\fpc\3.2.2\units\x86_64-win64\rtl-generics\generics.collections.ppu:generics.collections.pas(1186,20) Note: (6058) Call to subroutine "function TEnumerable<FRMaterialIcons.TPair<System.AnsiString,BGRABitmap.TBGRABitmap>>.GetEnumerator:TEnumerator$1<FRMATERIALICONS.TPair$2<SYSTEM.AnsiString,BGRABITMAP.TBGRABitmap>>;" marked as inline is not inlined
C:\lazarus\fpc\3.2.2\units\x86_64-win64\rtl-generics\generics.collections.ppu:generics.dictionaries.inc(191,92) Warning: (4046) Constructing a class "TCustomDictionaryEnumerator$4$crc958C3590" with abstract method "DoMoveNext"
C:\lazarus\fpc\3.2.2\units\x86_64-win64\rtl-generics\generics.collections.ppu:generics.collections.pas(121,14) Hint: (5062) Found abstract method: DoMoveNext(<TEnumerator$1$crc9AB099FB>):Boolean;
C:\lazarus\fpc\3.2.2\units\x86_64-win64\rtl-generics\generics.collections.ppu:generics.dictionaries.inc(191,92) Warning: (4046) Constructing a class "TCustomDictionaryEnumerator$4$crc958C3590" with abstract method "GetCurrent"
C:\lazarus\fpc\3.2.2\units\x86_64-win64\rtl-generics\generics.collections.ppu:generics.dictionariesh.inc(119,14) Hint: (5062) Found abstract method: GetCurrent(<TCustomDictionaryEnumerator$4$crc958C3590>):TBGRABitmap;
C:\lazarus\fpc\3.2.2\units\x86_64-win64\rtl-generics\generics.collections.ppu:generics.dictionaries.inc(191,92) Warning: (4046) Constructing a class "TCustomDictionaryEnumerator$4$crcE4D27371" with abstract method "DoMoveNext"
C:\lazarus\fpc\3.2.2\units\x86_64-win64\rtl-generics\generics.collections.ppu:generics.collections.pas(121,14) Hint: (5062) Found abstract method: DoMoveNext(<TEnumerator$1$crc6824777A>):Boolean;
C:\lazarus\fpc\3.2.2\units\x86_64-win64\rtl-generics\generics.collections.ppu:generics.dictionaries.inc(191,92) Warning: (4046) Constructing a class "TCustomDictionaryEnumerator$4$crcE4D27371" with abstract method "GetCurrent"
C:\lazarus\fpc\3.2.2\units\x86_64-win64\rtl-generics\generics.collections.ppu:generics.dictionariesh.inc(119,14) Hint: (5062) Found abstract method: GetCurrent(<TCustomDictionaryEnumerator$4$crcE4D27371>;<var AnsiString>):AnsiString;
Hint: (5024) Parameter "AFrom" not used
Hint: (5024) Parameter "ATo" not used
C:\lazarus\fpc\3.2.2\units\x86_64-win64\rtl-generics\generics.collections.ppu:generics.collections.pas(144,52) Note: (5071) Private type "TCustomPointersEnumerator$2<SYSTEM.AnsiString,FRMATERIALICONS.TCustomList$1$crc6824777A.PT>.T" never used
C:\lazarus\fpc\3.2.2\units\x86_64-win64\rtl-generics\generics.collections.ppu:generics.collections.pas(144,52) Note: (5071) Private type "TCustomPointersEnumerator$2<BGRABITMAP.TBGRABitmap,FRMATERIALICONS.TCustomList$1$crc9AB099FB.PT>.T" never used
C:\lazarus\fpc\3.2.2\units\x86_64-win64\rtl-generics\generics.collections.ppu:generics.collections.pas(144,52) Note: (5071) Private type "TCustomPointersEnumerator$2<FRMATERIALICONS.TPair$2<SYSTEM.AnsiString,BGRABITMAP.TBGRABitmap>,FRMATERIALICONS.TCustomList$1$crcF0E00699.PT>.T" never used
(3104) Compiling FRMaterialEdit.pas
D:\Workspace\Projects\lazarus\materialdesign\FRMaterialEdit.pas(77,32) Hint: (5024) Parameter "Sender" not used
D:\Workspace\Projects\lazarus\materialdesign\FRMaterialEdit.pas(78,34) Hint: (5024) Parameter "Sender" not used
D:\Workspace\Projects\lazarus\materialdesign\FRMaterialEdit.pas(83,33) Hint: (5024) Parameter "Sender" not used
D:\Workspace\Projects\lazarus\materialdesign\FRMaterialEdit.pas(101,32) Hint: (5024) Parameter "Sender" not used
D:\Workspace\Projects\lazarus\materialdesign\FRMaterialEdit.pas(103,30) Hint: (5024) Parameter "Sender" not used
D:\Workspace\Projects\lazarus\materialdesign\FRMaterialEdit.pas(105,31) Hint: (5024) Parameter "Sender" not used
D:\Workspace\Projects\lazarus\materialdesign\FRMaterialEdit.pas(202,32) Hint: (5024) Parameter "AThemeManager" not used
D:\Workspace\Projects\lazarus\materialdesign\FRMaterialEdit.pas(390,34) Hint: (5024) Parameter "Sender" not used
D:\Workspace\Projects\lazarus\materialdesign\FRMaterialEdit.pas(391,35) Hint: (5024) Parameter "Sender" not used
D:\Workspace\Projects\lazarus\materialdesign\FRMaterialEdit.pas(391,72) Hint: (5024) Parameter "Shift" not used
D:\Workspace\Projects\lazarus\materialdesign\FRMaterialEdit.pas(392,38) Hint: (5024) Parameter "Sender" not used
D:\Workspace\Projects\lazarus\materialdesign\FRMaterialEdit.pas(393,37) Hint: (5024) Parameter "Sender" not used
(3104) Compiling FRMaterialDateEdit.pas
D:\Workspace\Projects\lazarus\materialdesign\FRMaterialDateEdit.pas(54,32) Hint: (5024) Parameter "Sender" not used
D:\Workspace\Projects\lazarus\materialdesign\FRMaterialDateEdit.pas(58,35) Hint: (5024) Parameter "Sender" not used
D:\Workspace\Projects\lazarus\materialdesign\FRMaterialDateEdit.pas(59,32) Hint: (5024) Parameter "Sender" not used
D:\Workspace\Projects\lazarus\materialdesign\FRMaterialDateEdit.pas(60,39) Hint: (5024) Parameter "Sender" not used
D:\Workspace\Projects\lazarus\materialdesign\FRMaterialDateEdit.pas(63,34) Hint: (5024) Parameter "Sender" not used
D:\Workspace\Projects\lazarus\materialdesign\FRMaterialDateEdit.pas(65,32) Hint: (5024) Parameter "Sender" not used
(3104) Compiling FRMaterialMaskEdit.pas
D:\Workspace\Projects\lazarus\materialdesign\FRMaterialMaskEdit.pas(71,32) Hint: (5024) Parameter "Sender" not used
D:\Workspace\Projects\lazarus\materialdesign\FRMaterialMaskEdit.pas(72,34) Hint: (5024) Parameter "Sender" not used
(3104) Compiling FRMaterialCurrencyEdit.pas
D:\Workspace\Projects\lazarus\materialdesign\FRMaterialCurrencyEdit.pas(391,10) Hint: (4015) use DIV instead to get an integer result
D:\Workspace\Projects\lazarus\materialdesign\FRMaterialCurrencyEdit.pas(87,32) Hint: (5024) Parameter "Sender" not used
(3104) Compiling FRMaterialMemoEdit.pas
(3104) Compiling FRMaterialSpinEdit.pas
D:\Workspace\Projects\lazarus\materialdesign\FRMaterialSpinEdit.pas(57,32) Hint: (5024) Parameter "Sender" not used
D:\Workspace\Projects\lazarus\materialdesign\FRMaterialSpinEdit.pas(58,31) Hint: (5024) Parameter "Sender" not used
D:\Workspace\Projects\lazarus\materialdesign\FRMaterialSpinEdit.pas(59,28) Hint: (5024) Parameter "Sender" not used
D:\Workspace\Projects\lazarus\materialdesign\FRMaterialSpinEdit.pas(60,26) Hint: (5024) Parameter "Sender" not used
(3104) Compiling FRMaterialSearchEdit.pas
D:\Workspace\Projects\lazarus\materialdesign\FRMaterialSearchEdit.pas(61,33) Hint: (5024) Parameter "Sender" not used
D:\Workspace\Projects\lazarus\materialdesign\FRMaterialSearchEdit.pas(62,32) Hint: (5024) Parameter "Sender" not used
D:\Workspace\Projects\lazarus\materialdesign\FRMaterialSearchEdit.pas(63,34) Hint: (5024) Parameter "Sender" not used
D:\Workspace\Projects\lazarus\materialdesign\FRMaterialSearchEdit.pas(64,35) Hint: (5024) Parameter "Sender" not used
D:\Workspace\Projects\lazarus\materialdesign\FRMaterialSearchEdit.pas(64,72) Hint: (5024) Parameter "Shift" not used
D:\Workspace\Projects\lazarus\materialdesign\FRMaterialSearchEdit.pas(65,34) Hint: (5024) Parameter "Sender" not used
D:\Workspace\Projects\lazarus\materialdesign\FRMaterialSearchEdit.pas(19,54) Hint: (5023) Unit "FRMaterialMasks" not used in FRMaterialSearchEdit
(3104) Compiling FRMaterial3Button.pas
(3104) Compiling FRMaterial3FAB.pas
(3104) Compiling FRMaterial3Chip.pas
D:\Workspace\Projects\lazarus\materialdesign\FRMaterial3Chip.pas(71,28) Hint: (5024) Parameter "Sender" not used
(3104) Compiling FRMaterial3Dialog.pas
D:\Workspace\Projects\lazarus\materialdesign\FRMaterial3Dialog.pas(57,15) Note: (3250) Virtual method "EraseBackground(QWord);" has a lower visibility (protected) than parent class TWinControl (public)
D:\Workspace\Projects\lazarus\materialdesign\FRMaterial3Dialog.pas(57,31) Hint: (5024) Parameter "DC" not used
(3104) Compiling FRMaterial3List.pas
D:\Workspace\Projects\lazarus\materialdesign\FRMaterial3List.pas(175,3) Note: (5025) Local variable "svg" not used
(3104) Compiling FRMaterial3Menu.pas
D:\Workspace\Projects\lazarus\materialdesign\FRMaterial3Menu.pas(75,30) Hint: (5024) Parameter "Sender" not used
(3104) Compiling FRMaterial3Tabs.pas
(3104) Compiling FRMaterial3AppBar.pas
(3104) Compiling FRMaterial3Nav.pas
D:\Workspace\Projects\lazarus\materialdesign\FRMaterial3Nav.pas(183,3) Hint: (5028) Local const "BADGE_R" is not used
(3104) Compiling FRMaterial3TreeView.pas
D:\Workspace\Projects\lazarus\materialdesign\FRMaterial3TreeView.pas(219,3) Note: (5025) Local variable "svg" not used
D:\Workspace\Projects\lazarus\materialdesign\FRMaterial3TreeView.pas(78,27) Hint: (5024) Parameter "Shift" not used
D:\Workspace\Projects\lazarus\materialdesign\FRMaterial3TreeView.pas(78,68) Hint: (5024) Parameter "MousePos" not used
D:\Workspace\Projects\lazarus\materialdesign\materialdesign.pas(11,3) Hint: (5023) Unit "FRMaterialTheme" not used in materialdesign
D:\Workspace\Projects\lazarus\materialdesign\materialdesign.pas(11,37) Hint: (5023) Unit "FRMaterialMasks" not used in materialdesign
D:\Workspace\Projects\lazarus\materialdesign\materialdesign.pas(18,48) Hint: (5023) Unit "FRMaterialFieldPainter" not used in materialdesign
(1008) 12294 lines compiled, 1.5 sec
(1021) 4 warning(s) issued
(1022) 50 hint(s) issued
(1023) 9 note(s) issued
