Hint: (lazbuild) Primary config path: "C:\Users\fabio\AppData\Local\lazarus"
Hint: (lazarus) [TBuildManager.SetBuildTarget] Old=x86_64-win64--win32 New=x86_64-win64--win32 Changed: OS/CPU=True LCL=False
Hint: (lazarus) [TBuildManager.SetBuildTarget] Old=x86_64-win64--win32 New=x86_64-win64--win32 Changed: OS/CPU=True LCL=False
Hint: (lazarus) Project needs building: Compiler params changed for Project
  Old="-MObjFPC -Scghi -O1 -gw3 -gl -l -vewnhibq -Fid:\Workspace\Projects\lazarus\materialdesign\demo\lib\x86_64-win64 -Fud:\Workspace\Projects\lazarus\materialdesign\demo\ -Fud:\Workspace\Projects\lazarus\materialdesign -FuD:\Workspace\Projects\lazarus\materialdesign\lib\x86_64-win64 -FuC:\lazarus\components\ideintf\units\x86_64-win64\win32 -FuC:\lazarus\components\lazcontrols\lib\x86_64-win64\win32 -FuC:\Users\fabio\AppData\Local\lazarus\onlinepackagemanager\packages\BGRABitmap\bgrabitmap\lib\x86_64-win64-win32-3.2.2 -FuC:\lazarus\lcl\units\x86_64-win64\win32 -FuC:\lazarus\lcl\units\x86_64-win64 -FuC:\lazarus\components\freetype\lib\x86_64-win64 -FuC:\lazarus\components\debuggerintf\lib\x86_64-win64 -FuC:\lazarus\components\buildintf\units\x86_64-win64 -FuC:\lazarus\components\lazutils\lib\x86_64-win64 -FuC:\lazarus\components\lazdebuggers\lazdebuggerintf\lib\x86_64-win64 -FuC:\lazarus\packager\units\x86_64-win64 -FUd:\Workspace\Projects\lazarus\materialdesign\demo\lib\x86_64-win64\ -FEd:\Workspace\Projects\lazarus\materialdesign\demo\ ..."
  Now="-MObjFPC -Scghi -O1 -gw3 -gl -l -vewnhibq -FiD:\Workspace\Projects\lazarus\materialdesign\demo\lib\x86_64-win64 -FuD:\Workspace\Projects\lazarus\materialdesign\demo\ -FuD:\Workspace\Projects\lazarus\materialdesign -FuD:\Workspace\Projects\lazarus\materialdesign\lib\x86_64-win64 -FuC:\lazarus\components\ideintf\units\x86_64-win64\win32 -FuC:\lazarus\components\lazcontrols\lib\x86_64-win64\win32 -FuC:\Users\fabio\AppData\Local\lazarus\onlinepackagemanager\packages\BGRABitmap\bgrabitmap\lib\x86_64-win64-win32-3.2.2 -FuC:\lazarus\lcl\units\x86_64-win64\win32 -FuC:\lazarus\lcl\units\x86_64-win64 -FuC:\lazarus\components\freetype\lib\x86_64-win64 -FuC:\lazarus\components\debuggerintf\lib\x86_64-win64 -FuC:\lazarus\components\buildintf\units\x86_64-win64 -FuC:\lazarus\components\lazutils\lib\x86_64-win64 -FuC:\lazarus\components\lazdebuggers\lazdebuggerintf\lib\x86_64-win64 -FuC:\lazarus\packager\units\x86_64-win64 -FUD:\Workspace\Projects\lazarus\materialdesign\demo\lib\x86_64-win64\ -FED:\Workspace\Projects\lazarus\materialdesign\demo\ ..."
Info: (lazarus) Execute Title="Compilar projeto, Alvo: D:\Workspace\Projects\lazarus\materialdesign\demo\MD3Demo.exe"
Info: (lazarus) Working Directory="D:\Workspace\Projects\lazarus\materialdesign\demo\"
Info: (lazarus) Executable="C:\lazarus\fpc\3.2.2\bin\x86_64-win64\fpc.exe"
Info: (lazarus) Param[0]="-MObjFPC"
Info: (lazarus) Param[1]="-Scghi"
Info: (lazarus) Param[2]="-O1"
Info: (lazarus) Param[3]="-gw3"
Info: (lazarus) Param[4]="-gl"
Info: (lazarus) Param[5]="-l"
Info: (lazarus) Param[6]="-vewnhibq"
Info: (lazarus) Param[7]="-FiD:\Workspace\Projects\lazarus\materialdesign\demo\lib\x86_64-win64"
Info: (lazarus) Param[8]="-FuD:\Workspace\Projects\lazarus\materialdesign\demo\"
Info: (lazarus) Param[9]="-FuD:\Workspace\Projects\lazarus\materialdesign"
Info: (lazarus) Param[10]="-FuD:\Workspace\Projects\lazarus\materialdesign\lib\x86_64-win64"
Info: (lazarus) Param[11]="-FuC:\lazarus\components\ideintf\units\x86_64-win64\win32"
Info: (lazarus) Param[12]="-FuC:\lazarus\components\lazcontrols\lib\x86_64-win64\win32"
Info: (lazarus) Param[13]="-FuC:\Users\fabio\AppData\Local\lazarus\onlinepackagemanager\packages\BGRABitmap\bgrabitmap\lib\x86_64-win64-win32-3.2.2"
Info: (lazarus) Param[14]="-FuC:\lazarus\lcl\units\x86_64-win64\win32"
Info: (lazarus) Param[15]="-FuC:\lazarus\lcl\units\x86_64-win64"
Info: (lazarus) Param[16]="-FuC:\lazarus\components\freetype\lib\x86_64-win64"
Info: (lazarus) Param[17]="-FuC:\lazarus\components\debuggerintf\lib\x86_64-win64"
Info: (lazarus) Param[18]="-FuC:\lazarus\components\buildintf\units\x86_64-win64"
Info: (lazarus) Param[19]="-FuC:\lazarus\components\lazutils\lib\x86_64-win64"
Info: (lazarus) Param[20]="-FuC:\lazarus\components\lazdebuggers\lazdebuggerintf\lib\x86_64-win64"
Info: (lazarus) Param[21]="-FuC:\lazarus\packager\units\x86_64-win64"
Info: (lazarus) Param[22]="-FUD:\Workspace\Projects\lazarus\materialdesign\demo\lib\x86_64-win64\"
Info: (lazarus) Param[23]="-FED:\Workspace\Projects\lazarus\materialdesign\demo\"
Info: (lazarus) Param[24]="-oD:\Workspace\Projects\lazarus\materialdesign\demo\MD3Demo.exe"
Info: (lazarus) Param[25]="-dLCL"
Info: (lazarus) Param[26]="-dLCLwin32"
Info: (lazarus) Param[27]="MD3Demo.lpr"
Hint: (11030) Start of reading config file C:\lazarus\fpc\3.2.2\bin\x86_64-win64\fpc.cfg
Hint: (11031) End of reading config file C:\lazarus\fpc\3.2.2\bin\x86_64-win64\fpc.cfg
Free Pascal Compiler version 3.2.2 [2025/11/08] for x86_64
Copyright (c) 1993-2021 by Florian Klaempfl and others
(1002) Target OS: Win64 for x64
(3104) Compiling MD3Demo.lpr
(3104) Compiling uFmDemo.pas
(3104) Compiling D:\Workspace\Projects\lazarus\materialdesign\FRMaterial3Base.pas
(3104) Compiling D:\Workspace\Projects\lazarus\materialdesign\FRMaterialTheme.pas
D:\Workspace\Projects\lazarus\materialdesign\FRMaterial3Base.pas(152,15) Note: (3250) Virtual method "EraseBackground(QWord);" has a lower visibility (protected) than parent class TWinControl (public)
(3104) Compiling D:\Workspace\Projects\lazarus\materialdesign\FRMaterialThemeManager.pas
(3104) Compiling D:\Workspace\Projects\lazarus\materialdesign\FRMaterial3Button.pas
(3104) Compiling D:\Workspace\Projects\lazarus\materialdesign\FRMaterial3FAB.pas
(3104) Compiling D:\Workspace\Projects\lazarus\materialdesign\FRMaterial3Toggle.pas
(3104) Compiling D:\Workspace\Projects\lazarus\materialdesign\FRMaterial3Chip.pas
D:\Workspace\Projects\lazarus\materialdesign\FRMaterial3Chip.pas(71,28) Hint: (5024) Parameter "Sender" not used
(3104) Compiling D:\Workspace\Projects\lazarus\materialdesign\FRMaterial3Slider.pas
(3104) Compiling D:\Workspace\Projects\lazarus\materialdesign\FRMaterial3Progress.pas
D:\Workspace\Projects\lazarus\materialdesign\FRMaterial3Progress.pas(32,27) Hint: (5024) Parameter "Sender" not used
D:\Workspace\Projects\lazarus\materialdesign\FRMaterial3Progress.pas(57,27) Hint: (5024) Parameter "Sender" not used
D:\Workspace\Projects\lazarus\materialdesign\FRMaterial3Progress.pas(79,27) Hint: (5024) Parameter "Sender" not used
(3104) Compiling D:\Workspace\Projects\lazarus\materialdesign\FRMaterial3Divider.pas
D:\Workspace\Projects\lazarus\materialdesign\FRMaterial3Divider.pas(77,6) Hint: (5023) Unit "Math" not used in FRMaterial3Divider
(3104) Compiling D:\Workspace\Projects\lazarus\materialdesign\FRMaterial3Dialog.pas
D:\Workspace\Projects\lazarus\materialdesign\FRMaterial3Dialog.pas(57,15) Note: (3250) Virtual method "EraseBackground(QWord);" has a lower visibility (protected) than parent class TWinControl (public)
D:\Workspace\Projects\lazarus\materialdesign\FRMaterial3Dialog.pas(57,31) Hint: (5024) Parameter "DC" not used
(3104) Compiling D:\Workspace\Projects\lazarus\materialdesign\FRMaterial3Snackbar.pas
D:\Workspace\Projects\lazarus\materialdesign\FRMaterial3Snackbar.pas(29,27) Hint: (5024) Parameter "Sender" not used
D:\Workspace\Projects\lazarus\materialdesign\FRMaterial3Snackbar.pas(30,29) Hint: (5024) Parameter "Sender" not used
D:\Workspace\Projects\lazarus\materialdesign\FRMaterial3Snackbar.pas(51,6) Hint: (5023) Unit "Math" not used in FRMaterial3Snackbar
D:\Workspace\Projects\lazarus\materialdesign\FRMaterial3Snackbar.pas(51,12) Hint: (5023) Unit "StdCtrls" not used in FRMaterial3Snackbar
(3104) Compiling D:\Workspace\Projects\lazarus\materialdesign\FRMaterial3Tooltip.pas
D:\Workspace\Projects\lazarus\materialdesign\FRMaterial3Tooltip.pas(32,33) Hint: (5024) Parameter "Sender" not used
D:\Workspace\Projects\lazarus\materialdesign\FRMaterial3Tooltip.pas(33,33) Hint: (5024) Parameter "Sender" not used
D:\Workspace\Projects\lazarus\materialdesign\FRMaterial3Tooltip.pas(30,27) Hint: (5024) Parameter "Sender" not used
D:\Workspace\Projects\lazarus\materialdesign\FRMaterial3Tooltip.pas(31,27) Hint: (5024) Parameter "Sender" not used
(3104) Compiling D:\Workspace\Projects\lazarus\materialdesign\FRMaterial3List.pas
(3104) Compiling D:\Workspace\Projects\lazarus\materialdesign\FRMaterial3Menu.pas
D:\Workspace\Projects\lazarus\materialdesign\FRMaterial3Menu.pas(75,30) Hint: (5024) Parameter "Sender" not used
(3104) Compiling D:\Workspace\Projects\lazarus\materialdesign\FRMaterial3Tabs.pas
(3104) Compiling D:\Workspace\Projects\lazarus\materialdesign\FRMaterial3AppBar.pas
(3104) Compiling D:\Workspace\Projects\lazarus\materialdesign\FRMaterial3Nav.pas
D:\Workspace\Projects\lazarus\materialdesign\FRMaterial3Nav.pas(183,3) Hint: (5028) Local const "BADGE_R" is not used
(3104) Compiling D:\Workspace\Projects\lazarus\materialdesign\FRMaterial3TimePicker.pas
(3104) Compiling D:\Workspace\Projects\lazarus\materialdesign\FRMaterial3Sheet.pas
D:\Workspace\Projects\lazarus\materialdesign\FRMaterial3Sheet.pas(29,27) Hint: (5024) Parameter "Sender" not used
D:\Workspace\Projects\lazarus\materialdesign\FRMaterial3Sheet.pas(54,27) Hint: (5024) Parameter "Sender" not used
D:\Workspace\Projects\lazarus\materialdesign\FRMaterial3Sheet.pas(74,6) Hint: (5023) Unit "Math" not used in FRMaterial3Sheet
(3104) Compiling D:\Workspace\Projects\lazarus\materialdesign\FRMaterial3TreeView.pas
D:\Workspace\Projects\lazarus\materialdesign\FRMaterial3TreeView.pas(78,27) Hint: (5024) Parameter "Shift" not used
D:\Workspace\Projects\lazarus\materialdesign\FRMaterial3TreeView.pas(78,68) Hint: (5024) Parameter "MousePos" not used
(3104) Compiling D:\Workspace\Projects\lazarus\materialdesign\FRMaterialEdit.pas
(3104) Compiling D:\Workspace\Projects\lazarus\materialdesign\FRMaterialFieldPainter.pas
D:\Workspace\Projects\lazarus\materialdesign\FRMaterialFieldPainter.pas(67,25) Hint: (5024) Parameter "Sender" not used
D:\Workspace\Projects\lazarus\materialdesign\FRMaterialEdit.pas(77,32) Hint: (5024) Parameter "Sender" not used
D:\Workspace\Projects\lazarus\materialdesign\FRMaterialEdit.pas(78,34) Hint: (5024) Parameter "Sender" not used
D:\Workspace\Projects\lazarus\materialdesign\FRMaterialEdit.pas(83,33) Hint: (5024) Parameter "Sender" not used
D:\Workspace\Projects\lazarus\materialdesign\FRMaterialEdit.pas(101,32) Hint: (5024) Parameter "Sender" not used
D:\Workspace\Projects\lazarus\materialdesign\FRMaterialEdit.pas(103,30) Hint: (5024) Parameter "Sender" not used
D:\Workspace\Projects\lazarus\materialdesign\FRMaterialEdit.pas(105,31) Hint: (5024) Parameter "Sender" not used
D:\Workspace\Projects\lazarus\materialdesign\FRMaterialEdit.pas(202,32) Hint: (5024) Parameter "AThemeManager" not used
D:\Workspace\Projects\lazarus\materialdesign\FRMaterialEdit.pas(390,34) Hint: (5024) Parameter "Sender" not used
D:\Workspace\Projects\lazarus\materialdesign\FRMaterialEdit.pas(391,35) Hint: (5024) Parameter "Sender" not used
D:\Workspace\Projects\lazarus\materialdesign\FRMaterialEdit.pas(391,72) Hint: (5024) Parameter "Shift" not used
D:\Workspace\Projects\lazarus\materialdesign\FRMaterialEdit.pas(392,38) Hint: (5024) Parameter "Sender" not used
D:\Workspace\Projects\lazarus\materialdesign\FRMaterialEdit.pas(393,37) Hint: (5024) Parameter "Sender" not used
(3104) Compiling D:\Workspace\Projects\lazarus\materialdesign\FRMaterialComboEdit.pas
(3104) Compiling D:\Workspace\Projects\lazarus\materialdesign\FRMaterialCheckComboEdit.pas
D:\Workspace\Projects\lazarus\materialdesign\FRMaterialCheckComboEdit.pas(201,34) Hint: (5024) Parameter "Sender" not used
D:\Workspace\Projects\lazarus\materialdesign\FRMaterialCheckComboEdit.pas(272,23) Hint: (5091) Local variable "SaveChecks" of a managed type does not seem to be initialized
D:\Workspace\Projects\lazarus\materialdesign\FRMaterialCheckComboEdit.pas(62,31) Hint: (5024) Parameter "Sender" not used
D:\Workspace\Projects\lazarus\materialdesign\FRMaterialCheckComboEdit.pas(64,34) Hint: (5024) Parameter "Sender" not used
D:\Workspace\Projects\lazarus\materialdesign\FRMaterialCheckComboEdit.pas(66,27) Hint: (5024) Parameter "Sender" not used
D:\Workspace\Projects\lazarus\materialdesign\FRMaterialCheckComboEdit.pas(344,3) Note: (5025) Local variable "i" not used
(3104) Compiling D:\Workspace\Projects\lazarus\materialdesign\FRMaterialCurrencyEdit.pas
D:\Workspace\Projects\lazarus\materialdesign\FRMaterialCurrencyEdit.pas(391,10) Hint: (4015) use DIV instead to get an integer result
D:\Workspace\Projects\lazarus\materialdesign\FRMaterialCurrencyEdit.pas(87,32) Hint: (5024) Parameter "Sender" not used
(3104) Compiling D:\Workspace\Projects\lazarus\materialdesign\FRMaterialDateEdit.pas
D:\Workspace\Projects\lazarus\materialdesign\FRMaterialDateEdit.pas(54,32) Hint: (5024) Parameter "Sender" not used
D:\Workspace\Projects\lazarus\materialdesign\FRMaterialDateEdit.pas(58,35) Hint: (5024) Parameter "Sender" not used
D:\Workspace\Projects\lazarus\materialdesign\FRMaterialDateEdit.pas(59,32) Hint: (5024) Parameter "Sender" not used
D:\Workspace\Projects\lazarus\materialdesign\FRMaterialDateEdit.pas(60,39) Hint: (5024) Parameter "Sender" not used
D:\Workspace\Projects\lazarus\materialdesign\FRMaterialDateEdit.pas(63,34) Hint: (5024) Parameter "Sender" not used
D:\Workspace\Projects\lazarus\materialdesign\FRMaterialDateEdit.pas(65,32) Hint: (5024) Parameter "Sender" not used
(3104) Compiling D:\Workspace\Projects\lazarus\materialdesign\FRMaterialMaskEdit.pas
D:\Workspace\Projects\lazarus\materialdesign\FRMaterialMaskEdit.pas(71,32) Hint: (5024) Parameter "Sender" not used
D:\Workspace\Projects\lazarus\materialdesign\FRMaterialMaskEdit.pas(72,34) Hint: (5024) Parameter "Sender" not used
(3104) Compiling D:\Workspace\Projects\lazarus\materialdesign\FRMaterialMemoEdit.pas
D:\Workspace\Projects\lazarus\materialdesign\FRMaterialMemoEdit.pas(20,37) Hint: (5023) Unit "FRMaterialIcons" not used in FRMaterialMemoEdit
(3104) Compiling D:\Workspace\Projects\lazarus\materialdesign\FRMaterialSearchEdit.pas
D:\Workspace\Projects\lazarus\materialdesign\FRMaterialSearchEdit.pas(61,33) Hint: (5024) Parameter "Sender" not used
D:\Workspace\Projects\lazarus\materialdesign\FRMaterialSearchEdit.pas(62,32) Hint: (5024) Parameter "Sender" not used
D:\Workspace\Projects\lazarus\materialdesign\FRMaterialSearchEdit.pas(63,34) Hint: (5024) Parameter "Sender" not used
D:\Workspace\Projects\lazarus\materialdesign\FRMaterialSearchEdit.pas(64,35) Hint: (5024) Parameter "Sender" not used
D:\Workspace\Projects\lazarus\materialdesign\FRMaterialSearchEdit.pas(64,72) Hint: (5024) Parameter "Shift" not used
D:\Workspace\Projects\lazarus\materialdesign\FRMaterialSearchEdit.pas(65,34) Hint: (5024) Parameter "Sender" not used
D:\Workspace\Projects\lazarus\materialdesign\FRMaterialSearchEdit.pas(19,54) Hint: (5023) Unit "FRMaterialMasks" not used in FRMaterialSearchEdit
(3104) Compiling D:\Workspace\Projects\lazarus\materialdesign\FRMaterialSpinEdit.pas
D:\Workspace\Projects\lazarus\materialdesign\FRMaterialSpinEdit.pas(57,32) Hint: (5024) Parameter "Sender" not used
D:\Workspace\Projects\lazarus\materialdesign\FRMaterialSpinEdit.pas(58,31) Hint: (5024) Parameter "Sender" not used
D:\Workspace\Projects\lazarus\materialdesign\FRMaterialSpinEdit.pas(59,28) Hint: (5024) Parameter "Sender" not used
D:\Workspace\Projects\lazarus\materialdesign\FRMaterialSpinEdit.pas(60,26) Hint: (5024) Parameter "Sender" not used
(3104) Compiling uFmView.pas
D:\Workspace\Projects\lazarus\materialdesign\demo\uFmDemo.pas(48,26) Hint: (5024) Parameter "Sender" not used
D:\Workspace\Projects\lazarus\materialdesign\demo\uFmDemo.pas(49,27) Hint: (5024) Parameter "Sender" not used
D:\Workspace\Projects\lazarus\materialdesign\demo\uFmDemo.pas(49,59) Hint: (5024) Parameter "Shift" not used
D:\Workspace\Projects\lazarus\materialdesign\demo\uFmDemo.pas(101,32) Hint: (5024) Parameter "Sender" not used
D:\Workspace\Projects\lazarus\materialdesign\demo\uFmDemo.pas(102,31) Hint: (5024) Parameter "Sender" not used
D:\Workspace\Projects\lazarus\materialdesign\demo\uFmDemo.pas(103,31) Hint: (5024) Parameter "Sender" not used
D:\Workspace\Projects\lazarus\materialdesign\demo\uFmDemo.pas(104,30) Hint: (5024) Parameter "Sender" not used
D:\Workspace\Projects\lazarus\materialdesign\demo\uFmDemo.pas(105,30) Hint: (5024) Parameter "Sender" not used
D:\Workspace\Projects\lazarus\materialdesign\demo\uFmDemo.pas(120,29) Hint: (5024) Parameter "Sender" not used
D:\Workspace\Projects\lazarus\materialdesign\demo\uFmDemo.pas(121,31) Hint: (5024) Parameter "Sender" not used
D:\Workspace\Projects\lazarus\materialdesign\demo\uFmDemo.pas(122,32) Hint: (5024) Parameter "Sender" not used
D:\Workspace\Projects\lazarus\materialdesign\demo\uFmDemo.pas(126,34) Hint: (5024) Parameter "Sender" not used
D:\Workspace\Projects\lazarus\materialdesign\demo\uFmDemo.pas(127,31) Hint: (5024) Parameter "Sender" not used
D:\Workspace\Projects\lazarus\materialdesign\demo\uFmDemo.pas(128,34) Hint: (5024) Parameter "Sender" not used
D:\Workspace\Projects\lazarus\materialdesign\demo\uFmDemo.pas(129,32) Hint: (5024) Parameter "Sender" not used
D:\Workspace\Projects\lazarus\materialdesign\demo\uFmDemo.pas(112,26) Hint: (5024) Parameter "Sender" not used
D:\Workspace\Projects\lazarus\materialdesign\demo\uFmDemo.pas(133,27) Hint: (5024) Parameter "Sender" not used
D:\Workspace\Projects\lazarus\materialdesign\demo\uFmDemo.pas(136,29) Hint: (5024) Parameter "Sender" not used
D:\Workspace\Projects\lazarus\materialdesign\demo\uFmDemo.pas(137,30) Hint: (5024) Parameter "Sender" not used
D:\Workspace\Projects\lazarus\materialdesign\demo\uFmDemo.pas(138,28) Hint: (5024) Parameter "Sender" not used
D:\Workspace\Projects\lazarus\materialdesign\demo\uFmDemo.pas(139,28) Hint: (5024) Parameter "Sender" not used
D:\Workspace\Projects\lazarus\materialdesign\demo\uFmDemo.pas(140,31) Hint: (5024) Parameter "Sender" not used
D:\Workspace\Projects\lazarus\materialdesign\demo\uFmDemo.pas(141,33) Hint: (5024) Parameter "Sender" not used
D:\Workspace\Projects\lazarus\materialdesign\demo\uFmDemo.pas(142,31) Hint: (5024) Parameter "Sender" not used
(3104) Compiling D:\Workspace\Projects\lazarus\materialdesign\materialdesign.pas
(3104) Compiling D:\Workspace\Projects\lazarus\materialdesign\FRMaterial3DataGrid.pas
D:\Workspace\Projects\lazarus\materialdesign\FRMaterial3DataGrid.pas(154,5) Note: (5025) Local variable "i" not used
D:\Workspace\Projects\lazarus\materialdesign\FRMaterial3DataGrid.pas(192,36) Note: (5027) Local variable "isFixed" is assigned but never used
D:\Workspace\Projects\lazarus\materialdesign\FRMaterial3DataGrid.pas(195,3) Note: (5025) Local variable "tw" not used
D:\Workspace\Projects\lazarus\materialdesign\demo\MD3Demo.lpr(8,28) Hint: (5023) Unit "FRMaterial3AppBar" not used in MD3Demo
D:\Workspace\Projects\lazarus\materialdesign\demo\MD3Demo.lpr(8,64) Hint: (5023) Unit "FRMaterial3Button" not used in MD3Demo
D:\Workspace\Projects\lazarus\materialdesign\demo\MD3Demo.lpr(8,83) Hint: (5023) Unit "FRMaterial3Chip" not used in MD3Demo
D:\Workspace\Projects\lazarus\materialdesign\demo\MD3Demo.lpr(9,3) Hint: (5023) Unit "FRMaterial3Dialog" not used in MD3Demo
D:\Workspace\Projects\lazarus\materialdesign\demo\MD3Demo.lpr(9,22) Hint: (5023) Unit "FRMaterial3Divider" not used in MD3Demo
D:\Workspace\Projects\lazarus\materialdesign\demo\MD3Demo.lpr(9,42) Hint: (5023) Unit "FRMaterial3FAB" not used in MD3Demo
D:\Workspace\Projects\lazarus\materialdesign\demo\MD3Demo.lpr(9,58) Hint: (5023) Unit "FRMaterial3List" not used in MD3Demo
D:\Workspace\Projects\lazarus\materialdesign\demo\MD3Demo.lpr(9,75) Hint: (5023) Unit "FRMaterial3Menu" not used in MD3Demo
D:\Workspace\Projects\lazarus\materialdesign\demo\MD3Demo.lpr(10,3) Hint: (5023) Unit "FRMaterial3Nav" not used in MD3Demo
D:\Workspace\Projects\lazarus\materialdesign\demo\MD3Demo.lpr(10,19) Hint: (5023) Unit "FRMaterial3Progress" not used in MD3Demo
D:\Workspace\Projects\lazarus\materialdesign\demo\MD3Demo.lpr(10,40) Hint: (5023) Unit "FRMaterial3Sheet" not used in MD3Demo
D:\Workspace\Projects\lazarus\materialdesign\demo\MD3Demo.lpr(10,58) Hint: (5023) Unit "FRMaterial3Slider" not used in MD3Demo
D:\Workspace\Projects\lazarus\materialdesign\demo\MD3Demo.lpr(10,77) Hint: (5023) Unit "FRMaterial3Snackbar" not used in MD3Demo
D:\Workspace\Projects\lazarus\materialdesign\demo\MD3Demo.lpr(11,3) Hint: (5023) Unit "FRMaterial3Tabs" not used in MD3Demo
D:\Workspace\Projects\lazarus\materialdesign\demo\MD3Demo.lpr(11,20) Hint: (5023) Unit "FRMaterial3TimePicker" not used in MD3Demo
D:\Workspace\Projects\lazarus\materialdesign\demo\MD3Demo.lpr(11,43) Hint: (5023) Unit "FRMaterial3Toggle" not used in MD3Demo
D:\Workspace\Projects\lazarus\materialdesign\demo\MD3Demo.lpr(11,62) Hint: (5023) Unit "FRMaterial3Tooltip" not used in MD3Demo
D:\Workspace\Projects\lazarus\materialdesign\demo\MD3Demo.lpr(12,3) Hint: (5023) Unit "FRMaterial3TreeView" not used in MD3Demo
D:\Workspace\Projects\lazarus\materialdesign\demo\MD3Demo.lpr(12,24) Hint: (5023) Unit "FRMaterialCheckComboEdit" not used in MD3Demo
D:\Workspace\Projects\lazarus\materialdesign\demo\MD3Demo.lpr(12,50) Hint: (5023) Unit "FRMaterialComboEdit" not used in MD3Demo
D:\Workspace\Projects\lazarus\materialdesign\demo\MD3Demo.lpr(12,71) Hint: (5023) Unit "FRMaterialCurrencyEdit" not used in MD3Demo
D:\Workspace\Projects\lazarus\materialdesign\demo\MD3Demo.lpr(13,3) Hint: (5023) Unit "FRMaterialDateEdit" not used in MD3Demo
D:\Workspace\Projects\lazarus\materialdesign\demo\MD3Demo.lpr(13,23) Hint: (5023) Unit "FRMaterialEdit" not used in MD3Demo
D:\Workspace\Projects\lazarus\materialdesign\demo\MD3Demo.lpr(13,39) Hint: (5023) Unit "FRMaterialIcons" not used in MD3Demo
D:\Workspace\Projects\lazarus\materialdesign\demo\MD3Demo.lpr(13,56) Hint: (5023) Unit "FRMaterialMaskEdit" not used in MD3Demo
D:\Workspace\Projects\lazarus\materialdesign\demo\MD3Demo.lpr(13,76) Hint: (5023) Unit "FRMaterialMasks" not used in MD3Demo
D:\Workspace\Projects\lazarus\materialdesign\demo\MD3Demo.lpr(14,3) Hint: (5023) Unit "FRMaterialMemoEdit" not used in MD3Demo
D:\Workspace\Projects\lazarus\materialdesign\demo\MD3Demo.lpr(14,23) Hint: (5023) Unit "FRMaterialSearchEdit" not used in MD3Demo
D:\Workspace\Projects\lazarus\materialdesign\demo\MD3Demo.lpr(14,45) Hint: (5023) Unit "FRMaterialSpinEdit" not used in MD3Demo
D:\Workspace\Projects\lazarus\materialdesign\demo\MD3Demo.lpr(14,65) Hint: (5023) Unit "FRMaterialTheme" not used in MD3Demo
(9022) Compiling resource D:\Workspace\Projects\lazarus\materialdesign\demo\lib\x86_64-win64\MD3Demo.obj
(9015) Linking D:\Workspace\Projects\lazarus\materialdesign\demo\MD3Demo.exe
(1008) 19452 lines compiled, 2.3 sec, 3519840 bytes code, 154708 bytes data
(1022) 117 hint(s) issued
(1023) 6 note(s) issued
Info: (lazarus) [TCompiler.Compile] end
